Building DAG of jobs...
Using shell: /usr/sbin/bash
Provided cores: 12
Rules claiming more threads will be scaled down.
Job stats:
job              count    min threads    max threads
-------------  -------  -------------  -------------
all                  1              1              1
get_crosstalk        3              1              1
total                4              1              1

Select jobs to execute...

[Fri Aug 19 11:06:02 2022]
rule get_crosstalk:
    input: /mnt/c/Users/mindylp/Documents/python/network_crosstalk/res/00.achieved.bak, /mnt/c/Users/mindylp/Documents/python/network_crosstalk/res/00.achieved.dir, /mnt/c/Users/mindylp/Documents/python/network_crosstalk/res/00.achieved.dat
    output: /mnt/c/Users/mindylp/Documents/python/network_crosstalk/res/00.xtalk
    jobid: 1
    reason: Missing output files: /mnt/c/Users/mindylp/Documents/python/network_crosstalk/res/00.xtalk
    wildcards: id=00
    resources: tmpdir=/tmp


[Fri Aug 19 11:06:02 2022]
rule get_crosstalk:
    input: /mnt/c/Users/mindylp/Documents/python/network_crosstalk/res/01.achieved.bak, /mnt/c/Users/mindylp/Documents/python/network_crosstalk/res/01.achieved.dir, /mnt/c/Users/mindylp/Documents/python/network_crosstalk/res/01.achieved.dat
    output: /mnt/c/Users/mindylp/Documents/python/network_crosstalk/res/01.xtalk
    jobid: 3
    reason: Missing output files: /mnt/c/Users/mindylp/Documents/python/network_crosstalk/res/01.xtalk
    wildcards: id=01
    resources: tmpdir=/tmp


[Fri Aug 19 11:06:02 2022]
rule get_crosstalk:
    input: /mnt/c/Users/mindylp/Documents/python/network_crosstalk/res/02.achieved.bak, /mnt/c/Users/mindylp/Documents/python/network_crosstalk/res/02.achieved.dir, /mnt/c/Users/mindylp/Documents/python/network_crosstalk/res/02.achieved.dat
    output: /mnt/c/Users/mindylp/Documents/python/network_crosstalk/res/02.xtalk
    jobid: 5
    reason: Missing output files: /mnt/c/Users/mindylp/Documents/python/network_crosstalk/res/02.xtalk
    wildcards: id=02
    resources: tmpdir=/tmp

[Fri Aug 19 11:06:03 2022]
Error in rule get_crosstalk:
    jobid: 1
    output: /mnt/c/Users/mindylp/Documents/python/network_crosstalk/res/00.xtalk
    shell:
        /mnt/c/Users/mindylp/Documents/python/network_crosstalk/src/calc_crosstalk.py -i 00 -n 1
        (one of the commands exited with non-zero exit code; note that snakemake uses bash strict mode!)

[Fri Aug 19 11:06:03 2022]
Error in rule get_crosstalk:
    jobid: 3
    output: /mnt/c/Users/mindylp/Documents/python/network_crosstalk/res/01.xtalk
    shell:
        /mnt/c/Users/mindylp/Documents/python/network_crosstalk/src/calc_crosstalk.py -i 01 -n 1
        (one of the commands exited with non-zero exit code; note that snakemake uses bash strict mode!)

[Fri Aug 19 11:06:03 2022]
Error in rule get_crosstalk:
    jobid: 5
    output: /mnt/c/Users/mindylp/Documents/python/network_crosstalk/res/02.xtalk
    shell:
        /mnt/c/Users/mindylp/Documents/python/network_crosstalk/src/calc_crosstalk.py -i 02 -n 1
        (one of the commands exited with non-zero exit code; note that snakemake uses bash strict mode!)

Shutting down, this might take some time.
Exiting because a job execution failed. Look above for error message
Complete log: .snakemake/log/2022-08-19T110602.633106.snakemake.log
