Building DAG of jobs...
Using shell: /usr/sbin/bash
Provided cores: 12
Rules claiming more threads will be scaled down.
Job stats:
job             count    min threads    max threads
------------  -------  -------------  -------------
gen_networks        1              1              1
total               1              1              1

Select jobs to execute...

[Thu Aug 18 16:33:18 2022]
rule gen_networks:
    jobid: 0
    reason: Rules with neither input nor output files are always executed.
    resources: tmpdir=/tmp

[Thu Aug 18 16:33:18 2022]
Error in rule gen_networks:
    jobid: 0
    shell:
        ./src/get_networks -n 10 -p ./res/kpr-
        (one of the commands exited with non-zero exit code; note that snakemake uses bash strict mode!)

Shutting down, this might take some time.
Exiting because a job execution failed. Look above for error message
Complete log: .snakemake/log/2022-08-18T163318.702878.snakemake.log
