Building DAG of jobs...
Using shell: /usr/sbin/bash
Provided cores: 12
Rules claiming more threads will be scaled down.
Job stats:
job                count    min threads    max threads
---------------  -------  -------------  -------------
all                    1              1              1
get_achievables        3              1              1
get_crosstalk          3              1              1
total                  7              1              1

Select jobs to execute...

[Fri Aug 19 11:05:40 2022]
rule get_achievables:
    input: /mnt/c/Users/mindylp/Documents/python/network_crosstalk/res/00.arch.bak, /mnt/c/Users/mindylp/Documents/python/network_crosstalk/res/00.arch.dir, /mnt/c/Users/mindylp/Documents/python/network_crosstalk/res/00.arch.dat
    output: /mnt/c/Users/mindylp/Documents/python/network_crosstalk/res/00.achieved.bak, /mnt/c/Users/mindylp/Documents/python/network_crosstalk/res/00.achieved.dir, /mnt/c/Users/mindylp/Documents/python/network_crosstalk/res/00.achieved.dat
    jobid: 2
    reason: Missing output files: /mnt/c/Users/mindylp/Documents/python/network_crosstalk/res/00.achieved.dir, /mnt/c/Users/mindylp/Documents/python/network_crosstalk/res/00.achieved.bak, /mnt/c/Users/mindylp/Documents/python/network_crosstalk/res/00.achieved.dat
    wildcards: id=00
    resources: tmpdir=/tmp


[Fri Aug 19 11:05:40 2022]
rule get_achievables:
    input: /mnt/c/Users/mindylp/Documents/python/network_crosstalk/res/01.arch.bak, /mnt/c/Users/mindylp/Documents/python/network_crosstalk/res/01.arch.dir, /mnt/c/Users/mindylp/Documents/python/network_crosstalk/res/01.arch.dat
    output: /mnt/c/Users/mindylp/Documents/python/network_crosstalk/res/01.achieved.bak, /mnt/c/Users/mindylp/Documents/python/network_crosstalk/res/01.achieved.dir, /mnt/c/Users/mindylp/Documents/python/network_crosstalk/res/01.achieved.dat
    jobid: 4
    reason: Missing output files: /mnt/c/Users/mindylp/Documents/python/network_crosstalk/res/01.achieved.dat, /mnt/c/Users/mindylp/Documents/python/network_crosstalk/res/01.achieved.bak, /mnt/c/Users/mindylp/Documents/python/network_crosstalk/res/01.achieved.dir
    wildcards: id=01
    resources: tmpdir=/tmp


[Fri Aug 19 11:05:40 2022]
rule get_achievables:
    input: /mnt/c/Users/mindylp/Documents/python/network_crosstalk/res/02.arch.bak, /mnt/c/Users/mindylp/Documents/python/network_crosstalk/res/02.arch.dir, /mnt/c/Users/mindylp/Documents/python/network_crosstalk/res/02.arch.dat
    output: /mnt/c/Users/mindylp/Documents/python/network_crosstalk/res/02.achieved.bak, /mnt/c/Users/mindylp/Documents/python/network_crosstalk/res/02.achieved.dir, /mnt/c/Users/mindylp/Documents/python/network_crosstalk/res/02.achieved.dat
    jobid: 6
    reason: Missing output files: /mnt/c/Users/mindylp/Documents/python/network_crosstalk/res/02.achieved.dir, /mnt/c/Users/mindylp/Documents/python/network_crosstalk/res/02.achieved.dat, /mnt/c/Users/mindylp/Documents/python/network_crosstalk/res/02.achieved.bak
    wildcards: id=02
    resources: tmpdir=/tmp

[Fri Aug 19 11:05:43 2022]
Finished job 2.
1 of 7 steps (14%) done
Select jobs to execute...

[Fri Aug 19 11:05:43 2022]
rule get_crosstalk:
    input: /mnt/c/Users/mindylp/Documents/python/network_crosstalk/res/00.achieved.bak, /mnt/c/Users/mindylp/Documents/python/network_crosstalk/res/00.achieved.dir, /mnt/c/Users/mindylp/Documents/python/network_crosstalk/res/00.achieved.dat
    output: /mnt/c/Users/mindylp/Documents/python/network_crosstalk/res/00.xtalk
    jobid: 1
    reason: Missing output files: /mnt/c/Users/mindylp/Documents/python/network_crosstalk/res/00.xtalk; Input files updated by another job: /mnt/c/Users/mindylp/Documents/python/network_crosstalk/res/00.achieved.dir, /mnt/c/Users/mindylp/Documents/python/network_crosstalk/res/00.achieved.bak, /mnt/c/Users/mindylp/Documents/python/network_crosstalk/res/00.achieved.dat
    wildcards: id=00
    resources: tmpdir=/tmp

[Fri Aug 19 11:05:43 2022]
Finished job 4.
2 of 7 steps (29%) done
Select jobs to execute...

[Fri Aug 19 11:05:43 2022]
rule get_crosstalk:
    input: /mnt/c/Users/mindylp/Documents/python/network_crosstalk/res/01.achieved.bak, /mnt/c/Users/mindylp/Documents/python/network_crosstalk/res/01.achieved.dir, /mnt/c/Users/mindylp/Documents/python/network_crosstalk/res/01.achieved.dat
    output: /mnt/c/Users/mindylp/Documents/python/network_crosstalk/res/01.xtalk
    jobid: 3
    reason: Missing output files: /mnt/c/Users/mindylp/Documents/python/network_crosstalk/res/01.xtalk; Input files updated by another job: /mnt/c/Users/mindylp/Documents/python/network_crosstalk/res/01.achieved.dat, /mnt/c/Users/mindylp/Documents/python/network_crosstalk/res/01.achieved.bak, /mnt/c/Users/mindylp/Documents/python/network_crosstalk/res/01.achieved.dir
    wildcards: id=01
    resources: tmpdir=/tmp

[Fri Aug 19 11:05:43 2022]
Error in rule get_crosstalk:
    jobid: 1
    output: /mnt/c/Users/mindylp/Documents/python/network_crosstalk/res/00.xtalk
    shell:
        /mnt/c/Users/mindylp/Documents/python/network_crosstalk/src/calc_crosstalk.py -i 00 -n 1
        (one of the commands exited with non-zero exit code; note that snakemake uses bash strict mode!)

[Fri Aug 19 11:05:43 2022]
Finished job 6.
3 of 7 steps (43%) done
Select jobs to execute...

[Fri Aug 19 11:05:43 2022]
rule get_crosstalk:
    input: /mnt/c/Users/mindylp/Documents/python/network_crosstalk/res/02.achieved.bak, /mnt/c/Users/mindylp/Documents/python/network_crosstalk/res/02.achieved.dir, /mnt/c/Users/mindylp/Documents/python/network_crosstalk/res/02.achieved.dat
    output: /mnt/c/Users/mindylp/Documents/python/network_crosstalk/res/02.xtalk
    jobid: 5
    reason: Missing output files: /mnt/c/Users/mindylp/Documents/python/network_crosstalk/res/02.xtalk; Input files updated by another job: /mnt/c/Users/mindylp/Documents/python/network_crosstalk/res/02.achieved.dir, /mnt/c/Users/mindylp/Documents/python/network_crosstalk/res/02.achieved.dat, /mnt/c/Users/mindylp/Documents/python/network_crosstalk/res/02.achieved.bak
    wildcards: id=02
    resources: tmpdir=/tmp

[Fri Aug 19 11:05:43 2022]
Error in rule get_crosstalk:
    jobid: 3
    output: /mnt/c/Users/mindylp/Documents/python/network_crosstalk/res/01.xtalk
    shell:
        /mnt/c/Users/mindylp/Documents/python/network_crosstalk/src/calc_crosstalk.py -i 01 -n 1
        (one of the commands exited with non-zero exit code; note that snakemake uses bash strict mode!)

[Fri Aug 19 11:05:43 2022]
Error in rule get_crosstalk:
    jobid: 5
    output: /mnt/c/Users/mindylp/Documents/python/network_crosstalk/res/02.xtalk
    shell:
        /mnt/c/Users/mindylp/Documents/python/network_crosstalk/src/calc_crosstalk.py -i 02 -n 1
        (one of the commands exited with non-zero exit code; note that snakemake uses bash strict mode!)

Shutting down, this might take some time.
Exiting because a job execution failed. Look above for error message
Complete log: .snakemake/log/2022-08-19T110540.213027.snakemake.log
