Building DAG of jobs...
Using shell: /usr/sbin/bash
Provided cores: 12
Rules claiming more threads will be scaled down.
Job stats:
job                count    min threads    max threads
---------------  -------  -------------  -------------
all                    1              1              1
gen_networks           1              1              1
get_achievables        4              1              1
get_crosstalk          4              1              1
total                 10              1              1

Select jobs to execute...

[Fri Aug 19 11:49:51 2022]
rule gen_networks:
    output: /mnt/c/Users/mindylp/Documents/python/network_crosstalk/res/kpr-000000.arch.dir, /mnt/c/Users/mindylp/Documents/python/network_crosstalk/res/kpr-000000.arch.bak, /mnt/c/Users/mindylp/Documents/python/network_crosstalk/res/kpr-000000.arch.dat, /mnt/c/Users/mindylp/Documents/python/network_crosstalk/res/kpr-000001.arch.dir, /mnt/c/Users/mindylp/Documents/python/network_crosstalk/res/kpr-000001.arch.bak, /mnt/c/Users/mindylp/Documents/python/network_crosstalk/res/kpr-000001.arch.dat, /mnt/c/Users/mindylp/Documents/python/network_crosstalk/res/kpr-000002.arch.dir, /mnt/c/Users/mindylp/Documents/python/network_crosstalk/res/kpr-000002.arch.bak, /mnt/c/Users/mindylp/Documents/python/network_crosstalk/res/kpr-000002.arch.dat, /mnt/c/Users/mindylp/Documents/python/network_crosstalk/res/kpr-000003.arch.dir, /mnt/c/Users/mindylp/Documents/python/network_crosstalk/res/kpr-000003.arch.bak, /mnt/c/Users/mindylp/Documents/python/network_crosstalk/res/kpr-000003.arch.dat
    jobid: 3
    reason: Missing output files: /mnt/c/Users/mindylp/Documents/python/network_crosstalk/res/kpr-000001.arch.dir, /mnt/c/Users/mindylp/Documents/python/network_crosstalk/res/kpr-000000.arch.dat, /mnt/c/Users/mindylp/Documents/python/network_crosstalk/res/kpr-000001.arch.dat, /mnt/c/Users/mindylp/Documents/python/network_crosstalk/res/kpr-000003.arch.bak, /mnt/c/Users/mindylp/Documents/python/network_crosstalk/res/kpr-000003.arch.dir, /mnt/c/Users/mindylp/Documents/python/network_crosstalk/res/kpr-000000.arch.dir, /mnt/c/Users/mindylp/Documents/python/network_crosstalk/res/kpr-000002.arch.bak, /mnt/c/Users/mindylp/Documents/python/network_crosstalk/res/kpr-000002.arch.dir, /mnt/c/Users/mindylp/Documents/python/network_crosstalk/res/kpr-000002.arch.dat, /mnt/c/Users/mindylp/Documents/python/network_crosstalk/res/kpr-000001.arch.bak, /mnt/c/Users/mindylp/Documents/python/network_crosstalk/res/kpr-000000.arch.bak, /mnt/c/Users/mindylp/Documents/python/network_crosstalk/res/kpr-000003.arch.dat
    resources: tmpdir=/tmp

[Fri Aug 19 11:49:52 2022]
Finished job 3.
1 of 10 steps (10%) done
Select jobs to execute...

[Fri Aug 19 11:49:52 2022]
rule get_achievables:
    input: /mnt/c/Users/mindylp/Documents/python/network_crosstalk/res/kpr-000000.arch.bak, /mnt/c/Users/mindylp/Documents/python/network_crosstalk/res/kpr-000000.arch.dir, /mnt/c/Users/mindylp/Documents/python/network_crosstalk/res/kpr-000000.arch.dat
    output: /mnt/c/Users/mindylp/Documents/python/network_crosstalk/res/kpr-000000.achieved.dir, /mnt/c/Users/mindylp/Documents/python/network_crosstalk/res/kpr-000000.achieved.bak, /mnt/c/Users/mindylp/Documents/python/network_crosstalk/res/kpr-000000.achieved.dat
    jobid: 2
    reason: Missing output files: /mnt/c/Users/mindylp/Documents/python/network_crosstalk/res/kpr-000000.achieved.dat, /mnt/c/Users/mindylp/Documents/python/network_crosstalk/res/kpr-000000.achieved.dir, /mnt/c/Users/mindylp/Documents/python/network_crosstalk/res/kpr-000000.achieved.bak; Input files updated by another job: /mnt/c/Users/mindylp/Documents/python/network_crosstalk/res/kpr-000000.arch.dir, /mnt/c/Users/mindylp/Documents/python/network_crosstalk/res/kpr-000000.arch.dat, /mnt/c/Users/mindylp/Documents/python/network_crosstalk/res/kpr-000000.arch.bak
    wildcards: id=kpr-000000
    resources: tmpdir=/tmp


[Fri Aug 19 11:49:52 2022]
rule get_achievables:
    input: /mnt/c/Users/mindylp/Documents/python/network_crosstalk/res/kpr-000003.arch.bak, /mnt/c/Users/mindylp/Documents/python/network_crosstalk/res/kpr-000003.arch.dir, /mnt/c/Users/mindylp/Documents/python/network_crosstalk/res/kpr-000003.arch.dat
    output: /mnt/c/Users/mindylp/Documents/python/network_crosstalk/res/kpr-000003.achieved.dir, /mnt/c/Users/mindylp/Documents/python/network_crosstalk/res/kpr-000003.achieved.bak, /mnt/c/Users/mindylp/Documents/python/network_crosstalk/res/kpr-000003.achieved.dat
    jobid: 9
    reason: Missing output files: /mnt/c/Users/mindylp/Documents/python/network_crosstalk/res/kpr-000003.achieved.dat, /mnt/c/Users/mindylp/Documents/python/network_crosstalk/res/kpr-000003.achieved.bak, /mnt/c/Users/mindylp/Documents/python/network_crosstalk/res/kpr-000003.achieved.dir; Input files updated by another job: /mnt/c/Users/mindylp/Documents/python/network_crosstalk/res/kpr-000003.arch.dir, /mnt/c/Users/mindylp/Documents/python/network_crosstalk/res/kpr-000003.arch.bak, /mnt/c/Users/mindylp/Documents/python/network_crosstalk/res/kpr-000003.arch.dat
    wildcards: id=kpr-000003
    resources: tmpdir=/tmp


[Fri Aug 19 11:49:52 2022]
rule get_achievables:
    input: /mnt/c/Users/mindylp/Documents/python/network_crosstalk/res/kpr-000001.arch.bak, /mnt/c/Users/mindylp/Documents/python/network_crosstalk/res/kpr-000001.arch.dir, /mnt/c/Users/mindylp/Documents/python/network_crosstalk/res/kpr-000001.arch.dat
    output: /mnt/c/Users/mindylp/Documents/python/network_crosstalk/res/kpr-000001.achieved.dir, /mnt/c/Users/mindylp/Documents/python/network_crosstalk/res/kpr-000001.achieved.bak, /mnt/c/Users/mindylp/Documents/python/network_crosstalk/res/kpr-000001.achieved.dat
    jobid: 5
    reason: Missing output files: /mnt/c/Users/mindylp/Documents/python/network_crosstalk/res/kpr-000001.achieved.dir, /mnt/c/Users/mindylp/Documents/python/network_crosstalk/res/kpr-000001.achieved.dat, /mnt/c/Users/mindylp/Documents/python/network_crosstalk/res/kpr-000001.achieved.bak; Input files updated by another job: /mnt/c/Users/mindylp/Documents/python/network_crosstalk/res/kpr-000001.arch.dir, /mnt/c/Users/mindylp/Documents/python/network_crosstalk/res/kpr-000001.arch.bak, /mnt/c/Users/mindylp/Documents/python/network_crosstalk/res/kpr-000001.arch.dat
    wildcards: id=kpr-000001
    resources: tmpdir=/tmp


[Fri Aug 19 11:49:52 2022]
rule get_achievables:
    input: /mnt/c/Users/mindylp/Documents/python/network_crosstalk/res/kpr-000002.arch.bak, /mnt/c/Users/mindylp/Documents/python/network_crosstalk/res/kpr-000002.arch.dir, /mnt/c/Users/mindylp/Documents/python/network_crosstalk/res/kpr-000002.arch.dat
    output: /mnt/c/Users/mindylp/Documents/python/network_crosstalk/res/kpr-000002.achieved.dir, /mnt/c/Users/mindylp/Documents/python/network_crosstalk/res/kpr-000002.achieved.bak, /mnt/c/Users/mindylp/Documents/python/network_crosstalk/res/kpr-000002.achieved.dat
    jobid: 7
    reason: Missing output files: /mnt/c/Users/mindylp/Documents/python/network_crosstalk/res/kpr-000002.achieved.dat, /mnt/c/Users/mindylp/Documents/python/network_crosstalk/res/kpr-000002.achieved.dir, /mnt/c/Users/mindylp/Documents/python/network_crosstalk/res/kpr-000002.achieved.bak; Input files updated by another job: /mnt/c/Users/mindylp/Documents/python/network_crosstalk/res/kpr-000002.arch.bak, /mnt/c/Users/mindylp/Documents/python/network_crosstalk/res/kpr-000002.arch.dir, /mnt/c/Users/mindylp/Documents/python/network_crosstalk/res/kpr-000002.arch.dat
    wildcards: id=kpr-000002
    resources: tmpdir=/tmp

[Fri Aug 19 11:49:54 2022]
Finished job 2.
2 of 10 steps (20%) done
Select jobs to execute...

[Fri Aug 19 11:49:54 2022]
rule get_crosstalk:
    input: /mnt/c/Users/mindylp/Documents/python/network_crosstalk/res/kpr-000000.achieved.bak, /mnt/c/Users/mindylp/Documents/python/network_crosstalk/res/kpr-000000.achieved.dir, /mnt/c/Users/mindylp/Documents/python/network_crosstalk/res/kpr-000000.achieved.dat
    output: /mnt/c/Users/mindylp/Documents/python/network_crosstalk/res/kpr-000000.xtalk
    jobid: 1
    reason: Missing output files: /mnt/c/Users/mindylp/Documents/python/network_crosstalk/res/kpr-000000.xtalk; Input files updated by another job: /mnt/c/Users/mindylp/Documents/python/network_crosstalk/res/kpr-000000.achieved.dat, /mnt/c/Users/mindylp/Documents/python/network_crosstalk/res/kpr-000000.achieved.dir, /mnt/c/Users/mindylp/Documents/python/network_crosstalk/res/kpr-000000.achieved.bak
    wildcards: id=kpr-000000
    resources: tmpdir=/tmp

[Fri Aug 19 11:49:54 2022]
Finished job 5.
3 of 10 steps (30%) done
[Fri Aug 19 11:49:54 2022]
Finished job 9.
4 of 10 steps (40%) done
Select jobs to execute...

[Fri Aug 19 11:49:54 2022]
rule get_crosstalk:
    input: /mnt/c/Users/mindylp/Documents/python/network_crosstalk/res/kpr-000003.achieved.bak, /mnt/c/Users/mindylp/Documents/python/network_crosstalk/res/kpr-000003.achieved.dir, /mnt/c/Users/mindylp/Documents/python/network_crosstalk/res/kpr-000003.achieved.dat
    output: /mnt/c/Users/mindylp/Documents/python/network_crosstalk/res/kpr-000003.xtalk
    jobid: 8
    reason: Missing output files: /mnt/c/Users/mindylp/Documents/python/network_crosstalk/res/kpr-000003.xtalk; Input files updated by another job: /mnt/c/Users/mindylp/Documents/python/network_crosstalk/res/kpr-000003.achieved.dat, /mnt/c/Users/mindylp/Documents/python/network_crosstalk/res/kpr-000003.achieved.bak, /mnt/c/Users/mindylp/Documents/python/network_crosstalk/res/kpr-000003.achieved.dir
    wildcards: id=kpr-000003
    resources: tmpdir=/tmp


[Fri Aug 19 11:49:54 2022]
rule get_crosstalk:
    input: /mnt/c/Users/mindylp/Documents/python/network_crosstalk/res/kpr-000001.achieved.bak, /mnt/c/Users/mindylp/Documents/python/network_crosstalk/res/kpr-000001.achieved.dir, /mnt/c/Users/mindylp/Documents/python/network_crosstalk/res/kpr-000001.achieved.dat
    output: /mnt/c/Users/mindylp/Documents/python/network_crosstalk/res/kpr-000001.xtalk
    jobid: 4
    reason: Missing output files: /mnt/c/Users/mindylp/Documents/python/network_crosstalk/res/kpr-000001.xtalk; Input files updated by another job: /mnt/c/Users/mindylp/Documents/python/network_crosstalk/res/kpr-000001.achieved.dir, /mnt/c/Users/mindylp/Documents/python/network_crosstalk/res/kpr-000001.achieved.dat, /mnt/c/Users/mindylp/Documents/python/network_crosstalk/res/kpr-000001.achieved.bak
    wildcards: id=kpr-000001
    resources: tmpdir=/tmp

[Fri Aug 19 11:49:54 2022]
Finished job 7.
5 of 10 steps (50%) done
Select jobs to execute...

[Fri Aug 19 11:49:54 2022]
rule get_crosstalk:
    input: /mnt/c/Users/mindylp/Documents/python/network_crosstalk/res/kpr-000002.achieved.bak, /mnt/c/Users/mindylp/Documents/python/network_crosstalk/res/kpr-000002.achieved.dir, /mnt/c/Users/mindylp/Documents/python/network_crosstalk/res/kpr-000002.achieved.dat
    output: /mnt/c/Users/mindylp/Documents/python/network_crosstalk/res/kpr-000002.xtalk
    jobid: 6
    reason: Missing output files: /mnt/c/Users/mindylp/Documents/python/network_crosstalk/res/kpr-000002.xtalk; Input files updated by another job: /mnt/c/Users/mindylp/Documents/python/network_crosstalk/res/kpr-000002.achieved.dat, /mnt/c/Users/mindylp/Documents/python/network_crosstalk/res/kpr-000002.achieved.dir, /mnt/c/Users/mindylp/Documents/python/network_crosstalk/res/kpr-000002.achieved.bak
    wildcards: id=kpr-000002
    resources: tmpdir=/tmp

[Fri Aug 19 11:50:23 2022]
Finished job 6.
6 of 10 steps (60%) done
[Fri Aug 19 11:50:23 2022]
Finished job 4.
7 of 10 steps (70%) done
[Fri Aug 19 11:50:31 2022]
Finished job 1.
8 of 10 steps (80%) done
[Fri Aug 19 11:51:46 2022]
Finished job 8.
9 of 10 steps (90%) done
Select jobs to execute...

[Fri Aug 19 11:51:46 2022]
localrule all:
    input: /mnt/c/Users/mindylp/Documents/python/network_crosstalk/res/kpr-000000.xtalk, /mnt/c/Users/mindylp/Documents/python/network_crosstalk/res/kpr-000001.xtalk, /mnt/c/Users/mindylp/Documents/python/network_crosstalk/res/kpr-000002.xtalk, /mnt/c/Users/mindylp/Documents/python/network_crosstalk/res/kpr-000003.xtalk
    jobid: 0
    reason: Input files updated by another job: /mnt/c/Users/mindylp/Documents/python/network_crosstalk/res/kpr-000001.xtalk, /mnt/c/Users/mindylp/Documents/python/network_crosstalk/res/kpr-000000.xtalk, /mnt/c/Users/mindylp/Documents/python/network_crosstalk/res/kpr-000003.xtalk, /mnt/c/Users/mindylp/Documents/python/network_crosstalk/res/kpr-000002.xtalk
    resources: tmpdir=/tmp

[Fri Aug 19 11:51:46 2022]
Finished job 0.
10 of 10 steps (100%) done
Complete log: .snakemake/log/2022-08-19T114950.945156.snakemake.log
